e:\school\semester 2\12 procedural programming (423)\pawelpayroll\pawelpayroll\debug\vc142.pdb
e:\school\semester 2\12 procedural programming (423)\pawelpayroll\pawelpayroll\debug\.netframework,version=v4.7.2.assemblyattributes.obj
e:\school\semester 2\12 procedural programming (423)\pawelpayroll\pawelpayroll\debug\.netframework,version=v4.7.2.assemblyattributes.asm
e:\school\semester 2\12 procedural programming (423)\pawelpayroll\pawelpayroll\debug\employee.obj
e:\school\semester 2\12 procedural programming (423)\pawelpayroll\pawelpayroll\debug\csvmanipulator.obj
e:\school\semester 2\12 procedural programming (423)\pawelpayroll\pawelpayroll\debug\payroll.obj
e:\school\semester 2\12 procedural programming (423)\pawelpayroll\debug\pawelpayroll.exe
e:\school\semester 2\12 procedural programming (423)\pawelpayroll\debug\pawelpayroll.pdb
e:\school\semester 2\12 procedural programming (423)\pawelpayroll\pawelpayroll\debug\pawelpayroll.payroll.resources
e:\school\semester 2\12 procedural programming (423)\pawelpayroll\pawelpayroll\debug\pawelpayroll.vcxproj.generateresource.cache
e:\school\semester 2\12 procedural programming (423)\pawelpayroll\pawelpayroll\debug\pawelpayroll.vcxprojassemblyreference.cache
e:\school\semester 2\12 procedural programming (423)\pawelpayroll\pawelpayroll\debug\csvmanimulator.obj
e:\school\semester 2\12 procedural programming (423)\pawelpayroll\pawelpayroll\debug\csvreader.obj
e:\school\semester 2\12 procedural programming (423)\pawelpayroll\pawelpayroll\debug\incomecalculator.obj
e:\school\semester 2\12 procedural programming (423)\pawelpayroll\pawelpayroll\debug\pawelpayroll.tlog\cl.command.1.tlog
e:\school\semester 2\12 procedural programming (423)\pawelpayroll\pawelpayroll\debug\pawelpayroll.tlog\cl.read.1.tlog
e:\school\semester 2\12 procedural programming (423)\pawelpayroll\pawelpayroll\debug\pawelpayroll.tlog\cl.write.1.tlog
e:\school\semester 2\12 procedural programming (423)\pawelpayroll\pawelpayroll\debug\pawelpayroll.tlog\link.command.1.tlog
e:\school\semester 2\12 procedural programming (423)\pawelpayroll\pawelpayroll\debug\pawelpayroll.tlog\link.read.1.tlog
e:\school\semester 2\12 procedural programming (423)\pawelpayroll\pawelpayroll\debug\pawelpayroll.tlog\link.write.1.tlog
e:\school\semester 2\12 procedural programming (423)\pawelpayroll\pawelpayroll\debug\pawelpayroll.tlog\metagen.read.1.tlog
e:\school\semester 2\12 procedural programming (423)\pawelpayroll\pawelpayroll\debug\pawelpayroll.tlog\metagen.write.1.tlog
e:\school\semester 2\12 procedural programming (423)\pawelpayroll\pawelpayroll\debug\pawelpayroll.tlog\pawelpayroll.write.1u.tlog
